<?xml version="1.0" encoding="UTF-8"?>
<!-- Generated by org.testng.reporters.JUnitXMLReporter -->
<testsuite ignored="2" hostname="DESKTOP-FRE1AQT" failures="2" tests="2" name="Default test(failed)" time="0.07" errors="0" timestamp="25 Sep 2024 16:26:55 GMT">
  <testcase classname="org.tcs.B" name="tc4" time="0.019">
    <failure type="java.lang.AssertionError" message="expected [true] but found [false]">
      <![CDATA[java.lang.AssertionError: expected [true] but found [false]
at org.tcs.B.tc4(B.java:22)
... Removed 29 stack frames]]>
    </failure>
  </testcase> <!-- tc4 -->
  <testcase classname="org.tcs.B" name="tc2" time="0.002">
    <failure type="java.lang.AssertionError" message="expected [true] but found [false]">
      <![CDATA[java.lang.AssertionError: expected [true] but found [false]
at org.tcs.B.tc2(B.java:14)
... Removed 29 stack frames]]>
    </failure>
  </testcase> <!-- tc2 -->
  <testcase classname="org.tcs.B" name="tc1" time="0.0">
    <ignored/>
  </testcase> <!-- tc1 -->
  <testcase classname="org.tcs.B" name="tc3" time="0.0">
    <ignored/>
  </testcase> <!-- tc3 -->
</testsuite> <!-- Default test(failed) -->
