<?xml version="1.0" encoding="UTF-8"?>
<!-- Generated by org.testng.reporters.JUnitXMLReporter -->
<testsuite ignored="0" hostname="DESKTOP-FRE1AQT" failures="0" tests="5" name="test" time="0.038" errors="0" timestamp="25 Sep 2024 12:29:17 GMT">
  <testcase classname="org.tcs.A" name="tc1" time="0.012"/>
  <testcase classname="org.tcs.A" name="tc5" time="0.011"/>
  <testcase classname="org.tcs.A" name="tc3" time="0.012"/>
  <testcase classname="org.tcs.A" name="tc2" time="0.012"/>
  <testcase classname="org.tcs.A" name="tc4" time="0.012"/>
</testsuite> <!-- test -->
