<?xml version="1.0" encoding="UTF-8"?>
<!-- Generated by org.testng.reporters.JUnitXMLReporter -->
<testsuite ignored="2" hostname="DESKTOP-FRE1AQT" failures="0" tests="3" name="Test" time="0.069" errors="0" timestamp="25 Sep 2024 15:17:59 GMT">
  <testcase classname="org.tcs.A" name="tc2" time="0.014"/>
  <testcase classname="org.tcs.A" name="tc3" time="0.001"/>
  <testcase classname="org.tcs.A" name="tc5" time="0.002"/>
  <testcase classname="org.tcs.A" name="tc1" time="0.0">
    <ignored/>
  </testcase> <!-- tc1 -->
  <testcase classname="org.tcs.A" name="tc4" time="0.0">
    <ignored/>
  </testcase> <!-- tc4 -->
</testsuite> <!-- Test -->
