<?xml version="1.0" encoding="UTF-8"?>
<testng-results ignored="2" total="5" passed="3" failed="0" skipped="0">
  <reporter-output>
  </reporter-output>
  <suite started-at="2024-09-25T15:17:58Z" name="Suite" finished-at="2024-09-25T15:17:58Z" duration-ms="69">
    <groups>
      <group name="reg">
        <method signature="A.tc2()[pri:0, instance:org.tcs.A@3bd323e9]" name="tc2" class="org.tcs.A"/>
        <method signature="A.tc5()[pri:0, instance:org.tcs.A@3bd323e9]" name="tc5" class="org.tcs.A"/>
      </group> <!-- reg -->
      <group name="sanity">
        <method signature="A.tc3()[pri:0, instance:org.tcs.A@3bd323e9]" name="tc3" class="org.tcs.A"/>
      </group> <!-- sanity -->
    </groups>
    <test started-at="2024-09-25T15:17:58Z" name="Test" finished-at="2024-09-25T15:17:58Z" duration-ms="69">
      <class name="org.tcs.A">
        <test-method signature="tc2()[pri:0, instance:org.tcs.A@3bd323e9]" started-at="2024-09-25T15:17:58Z" name="tc2" finished-at="2024-09-25T15:17:58Z" duration-ms="14" status="PASS">
          <reporter-output>
          </reporter-output>
        </test-method> <!-- tc2 -->
        <test-method signature="tc3()[pri:0, instance:org.tcs.A@3bd323e9]" started-at="2024-09-25T15:17:58Z" name="tc3" finished-at="2024-09-25T15:17:58Z" duration-ms="1" status="PASS">
          <reporter-output>
          </reporter-output>
        </test-method> <!-- tc3 -->
        <test-method signature="tc5()[pri:0, instance:org.tcs.A@3bd323e9]" started-at="2024-09-25T15:17:58Z" name="tc5" finished-at="2024-09-25T15:17:58Z" duration-ms="2" status="PASS">
          <reporter-output>
          </reporter-output>
        </test-method> <!-- tc5 -->
      </class> <!-- org.tcs.A -->
    </test> <!-- Test -->
  </suite> <!-- Suite -->
</testng-results>
