<?xml version="1.0" encoding="UTF-8"?>
<testng-results ignored="0" total="3" passed="3" failed="0" skipped="0">
  <reporter-output>
  </reporter-output>
  <suite started-at="2024-09-25T12:52:45Z" name="Suite" finished-at="2024-09-25T12:52:52Z" duration-ms="6658">
    <groups>
    </groups>
    <test started-at="2024-09-25T12:52:45Z" name="chromeTest" finished-at="2024-09-25T12:52:49Z" duration-ms="3735">
      <class name="org.tcs.CrossBrowser">
        <test-method signature="cross(java.lang.String)[pri:0, instance:org.tcs.CrossBrowser@492691d7]" started-at="2024-09-25T12:52:46Z" name="cross" finished-at="2024-09-25T12:52:49Z" duration-ms="3694" status="PASS">
          <params>
            <param index="0">
              <value>
                <![CDATA[chrome]]>
              </value>
            </param>
          </params>
          <reporter-output>
          </reporter-output>
        </test-method> <!-- cross -->
      </class> <!-- org.tcs.CrossBrowser -->
    </test> <!-- chromeTest -->
    <test started-at="2024-09-25T12:52:45Z" name="edgeTest" finished-at="2024-09-25T12:52:51Z" duration-ms="5490">
      <class name="org.tcs.CrossBrowser">
        <test-method signature="cross(java.lang.String)[pri:0, instance:org.tcs.CrossBrowser@4b41dd5c]" started-at="2024-09-25T12:52:46Z" name="cross" finished-at="2024-09-25T12:52:51Z" duration-ms="5453" status="PASS">
          <params>
            <param index="0">
              <value>
                <![CDATA[edge]]>
              </value>
            </param>
          </params>
          <reporter-output>
          </reporter-output>
        </test-method> <!-- cross -->
      </class> <!-- org.tcs.CrossBrowser -->
    </test> <!-- edgeTest -->
    <test started-at="2024-09-25T12:52:45Z" name="firefoxTest" finished-at="2024-09-25T12:52:52Z" duration-ms="6658">
      <class name="org.tcs.CrossBrowser">
        <test-method signature="cross(java.lang.String)[pri:0, instance:org.tcs.CrossBrowser@3adcc812]" started-at="2024-09-25T12:52:46Z" name="cross" finished-at="2024-09-25T12:52:52Z" duration-ms="6620" status="PASS">
          <params>
            <param index="0">
              <value>
                <![CDATA[firefox]]>
              </value>
            </param>
          </params>
          <reporter-output>
          </reporter-output>
        </test-method> <!-- cross -->
      </class> <!-- org.tcs.CrossBrowser -->
    </test> <!-- firefoxTest -->
  </suite> <!-- Suite -->
</testng-results>
